<?xml version="1.0" encoding="UTF-8"?>
<!-- Generated by org.testng.reporters.JUnitXMLReporter -->
<testsuite ignored="0" hostname="DESKTOP-JK1AUDL" failures="1" tests="1" name="Test" time="11.798" errors="0" timestamp="2025-05-11T12:52:40 IST">
  <testcase classname="testScript.ManageContactTest" name="verifyIfUserAbleToUpdateContactDetails" time="1.031">
    <failure type="java.lang.NoClassDefFoundError" message="Could not initialize class org.apache.logging.log4j.core.impl.ThreadContextDataInjector">
      <![CDATA[java.lang.NoClassDefFoundError: Could not initialize class org.apache.logging.log4j.core.impl.ThreadContextDataInjector
at org.apache.logging.log4j.core.impl.ThreadContextDataInjector$ForCopyOnWriteThreadContextMap.<init>(ThreadContextDataInjector.java:220)
at org.apache.logging.log4j.core.impl.ContextDataInjectorFactory.createDefaultInjector(ContextDataInjectorFactory.java:94)
at org.apache.logging.log4j.core.impl.ContextDataInjectorFactory.createInjector(ContextDataInjectorFactory.java:71)
at org.apache.logging.log4j.core.impl.ReusableLogEventFactory.<init>(ReusableLogEventFactory.java:42)
at org.apache.logging.log4j.core.config.LoggerConfig.<clinit>(LoggerConfig.java:101)
at org.apache.logging.log4j.core.config.AbstractConfiguration.<init>(AbstractConfiguration.java:136)
at org.apache.logging.log4j.core.config.NullConfiguration.<init>(NullConfiguration.java:32)
at org.apache.logging.log4j.core.LoggerContext.<clinit>(LoggerContext.java:74)
at org.apache.logging.log4j.core.selector.ClassLoaderContextSelector.createContext(ClassLoaderContextSelector.java:254)
at org.apache.logging.log4j.core.selector.ClassLoaderContextSelector.locateContext(ClassLoaderContextSelector.java:218)
at org.apache.logging.log4j.core.selector.ClassLoaderContextSelector.getContext(ClassLoaderContextSelector.java:136)
at org.apache.logging.log4j.core.selector.ClassLoaderContextSelector.getContext(ClassLoaderContextSelector.java:123)
at org.apache.logging.log4j.core.selector.ClassLoaderContextSelector.getContext(ClassLoaderContextSelector.java:117)
at org.apache.logging.log4j.core.impl.Log4jContextFactory.getContext(Log4jContextFactory.java:150)
at org.apache.logging.log4j.core.impl.Log4jContextFactory.getContext(Log4jContextFactory.java:47)
at org.apache.logging.log4j.LogManager.getContext(LogManager.java:196)
at org.apache.logging.log4j.LogManager.getLogger(LogManager.java:599)
at org.apache.poi.ooxml.POIXMLDocumentPart.<clinit>(POIXMLDocumentPart.java:56)
at utility.ExcelUtility.readStringData(ExcelUtility.java:22)
at testScript.ManageContactTest.verifyIfUserAbleToUpdateContactDetails(ManageContactTest.java:18)
at java.base/java.util.ArrayList.forEach(ArrayList.java:1596)
Caused by: java.lang.ExceptionInInitializerError: Exception java.lang.NoSuchMethodError: 'java.lang.ClassLoader[] org.apache.logging.log4j.util.LoaderUtil.getClassLoaders()' [in thread "main"]
at org.apache.logging.log4j.core.impl.ThreadContextDataInjector.getServiceProviders(ThreadContextDataInjector.java:77)
at org.apache.logging.log4j.core.impl.ThreadContextDataInjector.<clinit>(ThreadContextDataInjector.java:64)
at org.apache.logging.log4j.core.impl.ThreadContextDataInjector$ForCopyOnWriteThreadContextMap.<init>(ThreadContextDataInjector.java:220)
at org.apache.logging.log4j.core.impl.ContextDataInjectorFactory.createDefaultInjector(ContextDataInjectorFactory.java:94)
at org.apache.logging.log4j.core.impl.ContextDataInjectorFactory.createInjector(ContextDataInjectorFactory.java:71)
at org.apache.logging.log4j.core.lookup.ContextMapLookup.<init>(ContextMapLookup.java:34)
at org.apache.logging.log4j.core.util.ReflectionUtil.instantiate(ReflectionUtil.java:189)
at org.apache.logging.log4j.core.lookup.Interpolator.<init>(Interpolator.java:81)
at org.apache.logging.log4j.core.lookup.Interpolator.<init>(Interpolator.java:100)
at org.apache.logging.log4j.core.config.AbstractConfiguration.<init>(AbstractConfiguration.java:133)
... 40 more
... Removed 28 stack frames]]>
    </failure>
  </testcase> <!-- verifyIfUserAbleToUpdateContactDetails -->
</testsuite> <!-- Test -->
