<?xml version="1.0" encoding="UTF-8"?>
<!-- Generated by org.testng.reporters.JUnitXMLReporter -->
<testsuite ignored="2" hostname="DESKTOP-JK1AUDL" failures="0" tests="1" name="EdgeTest" time="13.489" errors="0" timestamp="2025-04-30T20:12:24 IST">
  <testcase classname="testScript.LoginTest" name="verifyTheUserIsAbleToLoginUsingValidCredentials" time="1.04"/>
  <testcase classname="testScript.LoginTest" name="verifyWhetherUserIsAbleToLoginUsinginCorrectUsernameAndcorrectPassword" time="0.0">
    <ignored/>
  </testcase> <!-- verifyWhetherUserIsAbleToLoginUsinginCorrectUsernameAndcorrectPassword -->
  <testcase classname="testScript.LoginTest" name="verifyWhetherUserIsAbleToLoginUsinginCorrectUsernameAndincorrectPassword" time="0.0">
    <ignored/>
  </testcase> <!-- verifyWhetherUserIsAbleToLoginUsinginCorrectUsernameAndincorrectPassword -->
</testsuite> <!-- EdgeTest -->
